{"level":"info","message":"SignClient initialized successfully","timestamp":"2024-12-23T21:29:16.320Z"}
{"level":"info","message":"SignClient service running on port 3000","timestamp":"2024-12-23T21:29:16.322Z"}
{"body":"null","expose":true,"level":"error","message":"Unhandled error: Unexpected token 'n', \"null\" is not valid JSON","stack":"SyntaxError: Unexpected token 'n', \"null\" is not valid JSON\n    at JSON.parse (<anonymous>)\n    at createStrictSyntaxError (D:\\nodejs\\avantistraderbot\\node_modules\\body-parser\\lib\\types\\json.js:169:10)\n    at parse (D:\\nodejs\\avantistraderbot\\node_modules\\body-parser\\lib\\types\\json.js:86:15)\n    at D:\\nodejs\\avantistraderbot\\node_modules\\body-parser\\lib\\read.js:128:18\n    at AsyncResource.runInAsyncScope (node:async_hooks:206:9)\n    at invokeCallback (D:\\nodejs\\avantistraderbot\\node_modules\\raw-body\\index.js:238:16)\n    at done (D:\\nodejs\\avantistraderbot\\node_modules\\raw-body\\index.js:227:7)\n    at IncomingMessage.onEnd (D:\\nodejs\\avantistraderbot\\node_modules\\raw-body\\index.js:287:7)\n    at IncomingMessage.emit (node:events:519:28)\n    at endReadableNT (node:internal/streams/readable:1696:12)","status":400,"statusCode":400,"timestamp":"2024-12-23T21:32:28.182Z","type":"entity.parse.failed"}
{"level":"info","message":"SignClient initialized successfully","timestamp":"2024-12-24T05:32:50.191Z"}
{"level":"info","message":"SignClient service running on port 3000","timestamp":"2024-12-24T05:32:50.194Z"}
{"level":"info","message":{"ip":"::1","method":"POST","url":"/connect"},"timestamp":"2024-12-24T05:32:55.832Z"}
{"level":"info","message":"SignClient initialized successfully","timestamp":"2024-12-24T08:55:27.688Z"}
{"level":"info","message":"SignClient service running on port 3000","timestamp":"2024-12-24T08:55:27.692Z"}
{"level":"info","message":{"body":{"chatId":544383731},"ip":"::1","method":"POST","url":"/connect","userId":"544383731"},"timestamp":"2024-12-24T08:57:48.630Z"}
{"level":"error","message":"Connection error for user 544383731: Subscribing to 5b1651591af495ecad0b5d39a7d0cfcdadf39728c8b9030c461dae8c96eea3a7 failed, please try again","stack":"Error: Subscribing to 5b1651591af495ecad0b5d39a7d0cfcdadf39728c8b9030c461dae8c96eea3a7 failed, please try again\n    at yt.rpcSubscribe (D:\\nodejs\\avantistraderbot\\node_modules\\@walletconnect\\core\\dist\\index.cjs.js:1:32808)\n    at process.processTicksAndRejections (node:internal/process/task_queues:95:5)\n    at async yt.subscribe (D:\\nodejs\\avantistraderbot\\node_modules\\@walletconnect\\core\\dist\\index.cjs.js:1:29437)\n    at async D:\\nodejs\\avantistraderbot\\node_modules\\@walletconnect\\core\\dist\\index.cjs.js:1:42373","timestamp":"2024-12-24T08:57:49.905Z"}
{"level":"info","message":"SignClient initialized successfully","timestamp":"2024-12-24T08:58:45.262Z"}
{"level":"info","message":"SignClient service running on port 3000","timestamp":"2024-12-24T08:58:45.265Z"}
{"level":"info","message":{"body":{"chatId":544383731},"ip":"::1","method":"POST","url":"/connect","userId":"544383731"},"timestamp":"2024-12-24T08:59:02.239Z"}
{"level":"info","message":{"ip":"::1","method":"GET","url":"/session-status/pending_1735030743546","userId":"unknown"},"timestamp":"2024-12-24T08:59:04.984Z"}
{"level":"info","message":{"ip":"::1","method":"GET","url":"/session-status/pending_1735030743546","userId":"unknown"},"timestamp":"2024-12-24T08:59:08.005Z"}
{"level":"info","message":{"ip":"::1","method":"GET","url":"/session-status/pending_1735030743546","userId":"unknown"},"timestamp":"2024-12-24T08:59:11.010Z"}
{"level":"info","message":{"ip":"::1","method":"GET","url":"/session-status/pending_1735030743546","userId":"unknown"},"timestamp":"2024-12-24T08:59:14.021Z"}
{"level":"info","message":{"ip":"::1","method":"GET","url":"/session-status/pending_1735030743546","userId":"unknown"},"timestamp":"2024-12-24T08:59:17.028Z"}
{"level":"info","message":{"ip":"::1","method":"GET","url":"/session-status/pending_1735030743546","userId":"unknown"},"timestamp":"2024-12-24T08:59:20.032Z"}
{"level":"info","message":{"ip":"::1","method":"GET","url":"/session-status/pending_1735030743546","userId":"unknown"},"timestamp":"2024-12-24T08:59:23.047Z"}
{"level":"info","message":{"ip":"::1","method":"GET","url":"/session-status/pending_1735030743546","userId":"unknown"},"timestamp":"2024-12-24T08:59:26.066Z"}
{"level":"info","message":{"ip":"::1","method":"GET","url":"/session-status/pending_1735030743546","userId":"unknown"},"timestamp":"2024-12-24T08:59:29.083Z"}
{"level":"info","message":{"ip":"::1","method":"GET","url":"/session-status/pending_1735030743546","userId":"unknown"},"timestamp":"2024-12-24T08:59:32.091Z"}
{"level":"info","message":{"ip":"::1","method":"GET","url":"/session-status/pending_1735030743546","userId":"unknown"},"timestamp":"2024-12-24T08:59:35.102Z"}
{"level":"info","message":{"ip":"::1","method":"GET","url":"/session-status/pending_1735030743546","userId":"unknown"},"timestamp":"2024-12-24T08:59:38.116Z"}
{"level":"info","message":{"ip":"::1","method":"GET","url":"/session-status/pending_1735030743546","userId":"unknown"},"timestamp":"2024-12-24T08:59:41.130Z"}
{"level":"info","message":{"ip":"::1","method":"GET","url":"/session-status/pending_1735030743546","userId":"unknown"},"timestamp":"2024-12-24T08:59:44.138Z"}
{"level":"info","message":{"ip":"::1","method":"GET","url":"/session-status/pending_1735030743546","userId":"unknown"},"timestamp":"2024-12-24T08:59:47.155Z"}
{"level":"info","message":{"ip":"::1","method":"GET","url":"/session-status/pending_1735030743546","userId":"unknown"},"timestamp":"2024-12-24T08:59:50.174Z"}
{"level":"info","message":"Session established for user 544383731","timestamp":"2024-12-24T08:59:51.820Z"}
{"level":"info","message":{"ip":"::1","method":"GET","url":"/session-status/pending_1735030743546","userId":"unknown"},"timestamp":"2024-12-24T08:59:53.196Z"}
{"level":"info","message":{"ip":"::1","method":"GET","url":"/session-status/pending_1735030743546","userId":"unknown"},"timestamp":"2024-12-24T08:59:56.215Z"}
{"level":"info","message":{"ip":"::1","method":"GET","url":"/session-status/pending_1735030743546","userId":"unknown"},"timestamp":"2024-12-24T08:59:59.233Z"}
{"level":"info","message":{"ip":"::1","method":"GET","url":"/session-status/pending_1735030743546","userId":"unknown"},"timestamp":"2024-12-24T09:00:02.251Z"}
{"level":"info","message":{"ip":"::1","method":"GET","url":"/session-status/pending_1735030743546","userId":"unknown"},"timestamp":"2024-12-24T09:00:05.275Z"}
{"level":"info","message":{"ip":"::1","method":"GET","url":"/session-status/pending_1735030743546","userId":"unknown"},"timestamp":"2024-12-24T09:00:08.294Z"}
{"level":"info","message":{"ip":"::1","method":"GET","url":"/session-status/pending_1735030743546","userId":"unknown"},"timestamp":"2024-12-24T09:00:11.311Z"}
{"level":"info","message":{"ip":"::1","method":"GET","url":"/session-status/pending_1735030743546","userId":"unknown"},"timestamp":"2024-12-24T09:00:14.317Z"}
{"level":"info","message":{"ip":"::1","method":"GET","url":"/session-status/pending_1735030743546","userId":"unknown"},"timestamp":"2024-12-24T09:00:17.322Z"}
{"level":"info","message":{"ip":"::1","method":"GET","url":"/session-status/pending_1735030743546","userId":"unknown"},"timestamp":"2024-12-24T09:00:20.332Z"}
{"level":"info","message":{"ip":"::1","method":"GET","url":"/session-status/pending_1735030743546","userId":"unknown"},"timestamp":"2024-12-24T09:00:23.340Z"}
{"level":"info","message":{"ip":"::1","method":"GET","url":"/session-status/pending_1735030743546","userId":"unknown"},"timestamp":"2024-12-24T09:00:26.349Z"}
{"level":"info","message":{"ip":"::1","method":"GET","url":"/session-status/pending_1735030743546","userId":"unknown"},"timestamp":"2024-12-24T09:00:29.368Z"}
{"level":"info","message":{"ip":"::1","method":"GET","url":"/session-status/pending_1735030743546","userId":"unknown"},"timestamp":"2024-12-24T09:00:32.384Z"}
